<?xml version="1.0" encoding="UTF-8"?>
<!-- Generated by org.testng.reporters.JUnitReportReporter -->
<testsuite hostname="DESKTOP-SGH6TCU" failures="0" tests="1" name="com.inetBanking.testCases.TC_LoginTest_001" time="6.693" errors="0" timestamp="24 Jun 2019 11:26:43 GMT" skipped="0">
  <testcase classname="com.inetBanking.testCases.TC_LoginTest_001" name="loginTest" time="6.693"/>
</testsuite> <!-- com.inetBanking.testCases.TC_LoginTest_001 -->
